<?xml version="1.0" encoding="UTF-8"?>
<!-- Generated by org.testng.reporters.JUnitXMLReporter -->
<testsuite ignored="0" hostname="DESKTOP-6V1ADU5" failures="1" tests="1" name="Test" time="0.06" errors="0" timestamp="2025-02-21T19:43:06 IST">
  <testcase classname="jpetStore.UIDemo" name="verifyPageTitle" time="0.0">
    <failure type="org.testng.TestNGException" message="
Parameter &amp;apos;Browser&amp;apos; is required by @Test on method verifyPageTitle but has not been marked @Optional or defined
in D:\Projects\MavenTesting\testng.xml">
      <![CDATA[org.testng.TestNGException: 
Parameter 'Browser' is required by @Test on method verifyPageTitle but has not been marked @Optional or defined
in D:\Projects\MavenTesting\testng.xml
at java.base/java.util.ArrayList.forEach(ArrayList.java:1596)
... Removed 26 stack frames]]>
    </failure>
  </testcase> <!-- verifyPageTitle -->
</testsuite> <!-- Test -->
